<?xml version="1.0" encoding="UTF-8" standalone="yes"?><!DOCTYPE report PUBLIC "-//JACOCO//DTD Report 1.1//EN" "report.dtd"><report name="SecondUnitTestingusingEasyMock"><sessioninfo id="DESKTOP-GVQNGI1-5fd8f30d" start="1592293028050" dump="1592293028880"/><sessioninfo id="DESKTOP-GVQNGI1-f1659438" start="1592358273886" dump="1592358275267"/><sessioninfo id="DESKTOP-GVQNGI1-28834a72" start="1592358773508" dump="1592358775073"/><sessioninfo id="DESKTOP-GVQNGI1-a855ed44" start="1592361020840" dump="1592361021868"/><sessioninfo id="DESKTOP-GVQNGI1-feec4884" start="1592361164309" dump="1592361165494"/><sessioninfo id="DESKTOP-GVQNGI1-dcfdacab" start="1592445716307" dump="1592445717683"/><sessioninfo id="DESKTOP-GVQNGI1-40998915" start="1592452729377" dump="1592452730246"/><sessioninfo id="DESKTOP-GVQNGI1-afec6628" start="1592452930220" dump="1592452930950"/><sessioninfo id="DESKTOP-GVQNGI1-ec417ebc" start="1592453057687" dump="1592453058789"/><sessioninfo id="DESKTOP-GVQNGI1-127db752" start="1592458579919" dump="1592458580675"/><package name="com/mn/service"><class name="com/mn/service/ContactServiceimpl" sourcefilename="ContactServiceimpl.java"><method name="&lt;init&gt;" desc="()V" line="6"><counter type="INSTRUCTION" missed="0" covered="3"/><counter type="LINE" missed="0" covered="1"/><counter type="COMPLEXITY" missed="0" covered="1"/><counter type="METHOD" missed="0" covered="1"/></method><method name="setDao" desc="(Lcom/mn/dao/ContactDao;)V" line="12"><counter type="INSTRUCTION" missed="0" covered="4"/><counter type="LINE" missed="0" covered="2"/><counter type="COMPLEXITY" missed="0" covered="1"/><counter type="METHOD" missed="0" covered="1"/></method><method name="getname" desc="(I)Ljava/lang/String;" line="18"><counter type="INSTRUCTION" missed="0" covered="11"/><counter type="BRANCH" missed="0" covered="2"/><counter type="LINE" missed="0" covered="4"/><counter type="COMPLEXITY" missed="0" covered="2"/><counter type="METHOD" missed="0" covered="1"/></method><method name="getDetails" desc="(I)Lcom/mn/entity/Contact;" line="27"><counter type="INSTRUCTION" missed="0" covered="6"/><counter type="LINE" missed="0" covered="2"/><counter type="COMPLEXITY" missed="0" covered="1"/><counter type="METHOD" missed="0" covered="1"/></method><counter type="INSTRUCTION" missed="0" covered="24"/><counter type="BRANCH" missed="0" covered="2"/><counter type="LINE" missed="0" covered="9"/><counter type="COMPLEXITY" missed="0" covered="5"/><counter type="METHOD" missed="0" covered="4"/><counter type="CLASS" missed="0" covered="1"/></class><sourcefile name="ContactServiceimpl.java"><line nr="6" mi="0" ci="3" mb="0" cb="0"/><line nr="12" mi="0" ci="3" mb="0" cb="0"/><line nr="13" mi="0" ci="1" mb="0" cb="0"/><line nr="18" mi="0" ci="5" mb="0" cb="0"/><line nr="19" mi="0" ci="2" mb="0" cb="2"/><line nr="20" mi="0" ci="2" mb="0" cb="0"/><line nr="23" mi="0" ci="2" mb="0" cb="0"/><line nr="27" mi="0" ci="4" mb="0" cb="0"/><line nr="29" mi="0" ci="2" mb="0" cb="0"/><counter type="INSTRUCTION" missed="0" covered="24"/><counter type="BRANCH" missed="0" covered="2"/><counter type="LINE" missed="0" covered="9"/><counter type="COMPLEXITY" missed="0" covered="5"/><counter type="METHOD" missed="0" covered="4"/><counter type="CLASS" missed="0" covered="1"/></sourcefile><counter type="INSTRUCTION" missed="0" covered="24"/><counter type="BRANCH" missed="0" covered="2"/><counter type="LINE" missed="0" covered="9"/><counter type="COMPLEXITY" missed="0" covered="5"/><counter type="METHOD" missed="0" covered="4"/><counter type="CLASS" missed="0" covered="1"/></package><counter type="INSTRUCTION" missed="0" covered="24"/><counter type="BRANCH" missed="0" covered="2"/><counter type="LINE" missed="0" covered="9"/><counter type="COMPLEXITY" missed="0" covered="5"/><counter type="METHOD" missed="0" covered="4"/><counter type="CLASS" missed="0" covered="1"/></report>